<?xml version="1.0" encoding="UTF-8"?>
<!-- Generated by org.testng.reporters.JUnitReportReporter -->
<testsuite hostname="DESKTOP-LLLGMOJ" name="testscripts.TestBrowserStackSetup" tests="2" failures="0" timestamp="26 Oct 2021 15:49:02 GMT" time="3.665" errors="0">
  <testcase name="test_navigate_to_homepage_click_on_getstarted" time="3.146" classname="testscripts.TestBrowserStackSetup"/>
  <testcase name="test_enter_userDetails" time="0.519" classname="testscripts.TestBrowserStackSetup"/>
</testsuite> <!-- testscripts.TestBrowserStackSetup -->
