<?xml version="1.0" encoding="UTF-8"?>
<!-- Generated by org.testng.reporters.JUnitReportReporter -->
<testsuite skipped="0" hostname="DESKTOP-LLLGMOJ" name="webScripts.GoogleSearchTest" tests="1" failures="0" timestamp="2021-10-26T20:27:29 IST" time="9.663" errors="0">
  <testcase name="testCase" time="9.663" classname="webScripts.GoogleSearchTest"/>
  <system-out/>
</testsuite> <!-- webScripts.GoogleSearchTest -->
