<?xml version="1.0" encoding="UTF-8"?>
<!-- Generated by org.testng.reporters.JUnitReportReporter -->
<testsuite skipped="0" hostname="DESKTOP-LLLGMOJ" name="webScripts.BrowserStackSetup" tests="2" failures="0" timestamp="2021-10-26T20:35:31 IST" time="3.794" errors="0">
  <testcase name="navigate_to_homepage_click_on_getstarted" time="3.279" classname="webScripts.BrowserStackSetup"/>
  <system-out/>
  <testcase name="enter_userDetails" time="0.515" classname="webScripts.BrowserStackSetup"/>
  <system-out/>
</testsuite> <!-- webScripts.BrowserStackSetup -->
