<?xml version="1.0" encoding="UTF-8"?>
<!-- Generated by org.testng.reporters.JUnitReportReporter -->
<testsuite skipped="0" hostname="DESKTOP-LLLGMOJ" name="webScripts.TestGooglePage" tests="1" failures="0" timestamp="2021-10-26T20:22:50 IST" time="13.371" errors="0">
  <testcase name="testGoogle" time="13.371" classname="webScripts.TestGooglePage"/>
  <system-out/>
</testsuite> <!-- webScripts.TestGooglePage -->
