<?xml version="1.0" encoding="UTF-8"?>
<!-- Generated by org.testng.reporters.JUnitReportReporter -->
<testsuite hostname="DESKTOP-LLLGMOJ" name="testscripts.TestLogic2" tests="1" failures="0" timestamp="21 Oct 2021 16:56:27 GMT" time="5.754" errors="0">
  <testcase name="testSetupMethod" time="5.754" classname="testscripts.TestLogic2"/>
</testsuite> <!-- testscripts.TestLogic2 -->
