<?xml version="1.0" encoding="UTF-8"?>
<!-- Generated by org.testng.reporters.JUnitReportReporter -->
<testsuite skipped="0" hostname="DESKTOP-LLLGMOJ" name="testngsamples.Annotations" tests="1" failures="0" timestamp="2021-10-13T20:31:54 IST" time="0.008" errors="0">
  <testcase name="taskCreation" time="0.008" classname="testngsamples.Annotations"/>
  <system-out/>
</testsuite> <!-- testngsamples.Annotations -->
