<?xml version="1.0" encoding="UTF-8"?>
<!-- Generated by org.testng.reporters.JUnitReportReporter -->
<testsuite skipped="0" hostname="DESKTOP-LLLGMOJ" name="testngsamples.ParallelExecutionOfMethods" tests="2" failures="0" timestamp="2021-10-14T21:03:13 IST" time="0.024" errors="0">
  <testcase name="testCaseTwo" time="0.012" classname="testngsamples.ParallelExecutionOfMethods"/>
  <system-out/>
  <testcase name="testCaseOne" time="0.012" classname="testngsamples.ParallelExecutionOfMethods"/>
  <system-out/>
</testsuite> <!-- testngsamples.ParallelExecutionOfMethods -->
