<?xml version="1.0" encoding="UTF-8"?>
<!-- Generated by org.testng.reporters.JUnitReportReporter -->
<testsuite skipped="0" hostname="DESKTOP-LLLGMOJ" name="testngsamples.IncludeAndExcludeTestMethods" tests="3" failures="0" timestamp="2021-10-14T20:31:40 IST" time="0.018" errors="0">
  <testcase name="addLocationTestCase" time="0.006" classname="testngsamples.IncludeAndExcludeTestMethods"/>
  <system-out/>
  <testcase name="addDepartmentTestCase" time="0.010" classname="testngsamples.IncludeAndExcludeTestMethods"/>
  <system-out/>
  <testcase name="addEmployeeTestCase" time="0.002" classname="testngsamples.IncludeAndExcludeTestMethods"/>
  <system-out/>
</testsuite> <!-- testngsamples.IncludeAndExcludeTestMethods -->
