<?xml version="1.0" encoding="UTF-8"?>
<!-- Generated by org.testng.reporters.JUnitReportReporter -->
<testsuite skipped="0" hostname="DESKTOP-LLLGMOJ" name="testngsamples.Parameterization" tests="4" failures="0" timestamp="2021-10-18T20:23:20 IST" time="11.148" errors="0">
  <testcase name="testCaseThree" time="0.002" classname="testngsamples.Parameterization"/>
  <system-out/>
  <testcase name="testLoginOfVtiger" time="11.132" classname="testngsamples.Parameterization"/>
  <system-out/>
  <testcase name="testCaseOne" time="0.009" classname="testngsamples.Parameterization"/>
  <system-out/>
  <testcase name="testCaseTwo" time="0.005" classname="testngsamples.Parameterization"/>
  <system-out/>
</testsuite> <!-- testngsamples.Parameterization -->
