<?xml version="1.0" encoding="UTF-8"?>
<!-- Generated by org.testng.reporters.JUnitReportReporter -->
<testsuite skipped="0" hostname="DESKTOP-LLLGMOJ" name="testngsamples.Actitime_Attributes" tests="4" failures="0" timestamp="2021-10-13T20:25:45 IST" time="0.018" errors="0">
  <testcase name="logoutClose" time="0.012" classname="testngsamples.Actitime_Attributes"/>
  <system-out/>
  <testcase name="openBrowserAndAppURL" time="0.003" classname="testngsamples.Actitime_Attributes"/>
  <system-out/>
  <testcase name="createTask" time="0.001" classname="testngsamples.Actitime_Attributes"/>
  <system-out/>
  <testcase name="login" time="0.002" classname="testngsamples.Actitime_Attributes"/>
  <system-out/>
</testsuite> <!-- testngsamples.Actitime_Attributes -->
