<?xml version="1.0" encoding="UTF-8"?>
<!-- Generated by org.testng.reporters.JUnitReportReporter -->
<testsuite skipped="2" hostname="DESKTOP-LLLGMOJ" name="testngsamples.Actitime_Enabled" tests="4" failures="0" timestamp="2021-10-14T20:50:06 IST" time="0.010" errors="0">
  <testcase name="openBrowserAndAppURL" time="0.005" classname="testngsamples.Actitime_Enabled"/>
  <system-out/>
  <testcase name="createTask" time="0.005" classname="testngsamples.Actitime_Enabled"/>
  <system-out/>
  <testcase name="logoutClose" classname="testngsamples.Actitime_Enabled">
    <skipped/>
  </testcase> <!-- logoutClose -->
  <system-out/>
  <testcase name="login" classname="testngsamples.Actitime_Enabled">
    <skipped/>
  </testcase> <!-- login -->
  <system-out/>
</testsuite> <!-- testngsamples.Actitime_Enabled -->
