<?xml version="1.0" encoding="UTF-8"?>
<!-- Generated by org.testng.reporters.JUnitReportReporter -->
<testsuite skipped="0" hostname="DESKTOP-LLLGMOJ" name="testngsamples.DataProviderExample" tests="2" failures="0" timestamp="2021-10-14T21:14:29 IST" time="22.958" errors="0">
  <testcase name="testLoginOfVtiger" time="12.951" classname="testngsamples.DataProviderExample"/>
  <system-out/>
  <testcase name="testLoginOfVtiger" time="10.007" classname="testngsamples.DataProviderExample"/>
  <system-out/>
</testsuite> <!-- testngsamples.DataProviderExample -->
