<?xml version="1.0" encoding="UTF-8"?>
<!-- Generated by org.testng.reporters.JUnitReportReporter -->
<testsuite skipped="0" hostname="DESKTOP-LLLGMOJ" name="exdentreport.ExtentDemo" tests="1" failures="0" timestamp="2021-10-22T20:48:23 IST" time="4.196" errors="0">
  <testcase name="extentReportsDemo" time="4.196" classname="exdentreport.ExtentDemo"/>
  <system-out/>
</testsuite> <!-- exdentreport.ExtentDemo -->
