<?xml version="1.0" encoding="UTF-8"?>
<!-- Generated by org.testng.reporters.JUnitReportReporter -->
<testsuite skipped="0" hostname="DESKTOP-LLLGMOJ" name="testngsamples.SetTestCaseOrder_Priority" tests="4" failures="0" timestamp="2021-10-14T20:50:06 IST" time="0.012" errors="0">
  <testcase name="testCaseSignup" time="0.004" classname="testngsamples.SetTestCaseOrder_Priority"/>
  <system-out/>
  <testcase name="testCaseLogin" time="0.005" classname="testngsamples.SetTestCaseOrder_Priority"/>
  <system-out/>
  <testcase name="testCaseDeletion" time="0.001" classname="testngsamples.SetTestCaseOrder_Priority"/>
  <system-out/>
  <testcase name="testCaseCreation" time="0.002" classname="testngsamples.SetTestCaseOrder_Priority"/>
  <system-out/>
</testsuite> <!-- testngsamples.SetTestCaseOrder_Priority -->
