<?xml version="1.0" encoding="UTF-8"?>
<!-- Generated by org.testng.reporters.JUnitReportReporter -->
<testsuite skipped="0" hostname="DESKTOP-LLLGMOJ" name="testngsamples.Sample4" tests="3" failures="0" timestamp="2021-10-14T20:50:06 IST" time="0.003" errors="0">
  <testcase name="a_signUp" time="0.001" classname="testngsamples.Sample4"/>
  <system-out/>
  <testcase name="b_login" time="0.001" classname="testngsamples.Sample4"/>
  <system-out/>
  <testcase name="c_compose" time="0.001" classname="testngsamples.Sample4"/>
  <system-out/>
</testsuite> <!-- testngsamples.Sample4 -->
