<?xml version="1.0" encoding="UTF-8"?>
<!-- Generated by org.testng.reporters.JUnitReportReporter -->
<testsuite skipped="0" hostname="DESKTOP-LLLGMOJ" name="testngsamples.Actitime" tests="4" failures="0" timestamp="2021-10-14T20:50:06 IST" time="7.666" errors="0">
  <testcase name="c_createTask" time="0.000" classname="testngsamples.Actitime"/>
  <system-out/>
  <testcase name="b_login" time="0.262" classname="testngsamples.Actitime"/>
  <system-out/>
  <testcase name="a_openBrowserAndAppURL" time="7.403" classname="testngsamples.Actitime"/>
  <system-out/>
  <testcase name="d_logoutClose" time="0.001" classname="testngsamples.Actitime"/>
  <system-out/>
</testsuite> <!-- testngsamples.Actitime -->
