<?xml version="1.0" encoding="UTF-8"?>
<!-- Generated by org.testng.reporters.JUnitReportReporter -->
<testsuite skipped="0" hostname="DESKTOP-LLLGMOJ" name="testngsamples.TestParallelClassTwo" tests="2" failures="0" timestamp="2021-10-14T21:05:33 IST" time="0.014" errors="0">
  <testcase name="testCaseOne" time="0.013" classname="testngsamples.TestParallelClassTwo"/>
  <system-out/>
  <testcase name="testCaseTwo" time="0.001" classname="testngsamples.TestParallelClassTwo"/>
  <system-out/>
</testsuite> <!-- testngsamples.TestParallelClassTwo -->
