<?xml version="1.0" encoding="UTF-8"?>
<!-- Generated by org.testng.reporters.JUnitReportReporter -->
<testsuite skipped="0" hostname="DESKTOP-LLLGMOJ" name="testngsamples.ClassLabelAnnotations" tests="4" failures="0" timestamp="2021-10-14T20:41:36 IST" time="0.020" errors="0">
  <testcase name="testCase2" time="0.002" classname="testngsamples.ClassLabelAnnotations"/>
  <system-out/>
  <testcase name="testCase3" time="0.003" classname="testngsamples.ClassLabelAnnotations"/>
  <system-out/>
  <testcase name="testCase1" time="0.009" classname="testngsamples.ClassLabelAnnotations"/>
  <system-out/>
  <testcase name="testCase4" time="0.006" classname="testngsamples.ClassLabelAnnotations"/>
  <system-out/>
</testsuite> <!-- testngsamples.ClassLabelAnnotations -->
