<?xml version="1.0" encoding="UTF-8"?>
<!-- Generated by org.testng.reporters.JUnitReportReporter -->
<testsuite skipped="0" hostname="DESKTOP-LLLGMOJ" name="testngsamples.VtigerLogin" tests="3" failures="0" timestamp="2021-10-14T21:28:03 IST" time="33.598" errors="0">
  <testcase name="loginInVtiger" time="7.066" classname="testngsamples.VtigerLogin"/>
  <system-out/>
  <testcase name="loginInVtiger" time="7.820" classname="testngsamples.VtigerLogin"/>
  <system-out/>
  <testcase name="loginInVtiger" time="18.712" classname="testngsamples.VtigerLogin"/>
  <system-out/>
</testsuite> <!-- testngsamples.VtigerLogin -->
