<?xml version="1.0" encoding="UTF-8"?>
<!-- Generated by org.testng.reporters.JUnitReportReporter -->
<testsuite skipped="0" hostname="DESKTOP-LLLGMOJ" name="testngsamples.Actitime_Priority" tests="4" failures="0" timestamp="2021-10-13T20:54:29 IST" time="0.013" errors="0">
  <testcase name="openBrowserAndAppURL" time="0.009" classname="testngsamples.Actitime_Priority"/>
  <system-out/>
  <testcase name="login" time="0.002" classname="testngsamples.Actitime_Priority"/>
  <system-out/>
  <testcase name="createTask" time="0.001" classname="testngsamples.Actitime_Priority"/>
  <system-out/>
  <testcase name="logoutClose" time="0.001" classname="testngsamples.Actitime_Priority"/>
  <system-out/>
</testsuite> <!-- testngsamples.Actitime_Priority -->
