<?xml version="1.0" encoding="UTF-8"?>
<!-- Generated by org.testng.reporters.JUnitReportReporter -->
<testsuite skipped="0" hostname="DESKTOP-LLLGMOJ" name="testngsamples.GroupExamples" tests="3" failures="0" timestamp="2021-10-14T20:57:56 IST" time="0.015" errors="0">
  <testcase name="testCaseFour" time="0.008" classname="testngsamples.GroupExamples"/>
  <system-out/>
  <testcase name="testCaseOne" time="0.002" classname="testngsamples.GroupExamples"/>
  <system-out/>
  <testcase name="testCaseTwo" time="0.005" classname="testngsamples.GroupExamples"/>
  <system-out/>
</testsuite> <!-- testngsamples.GroupExamples -->
