<?xml version="1.0" encoding="UTF-8"?>
<!-- Generated by org.testng.reporters.JUnitReportReporter -->
<testsuite skipped="0" hostname="DESKTOP-LLLGMOJ" name="testngsamples.Sample3" tests="3" failures="0" timestamp="2021-10-14T20:52:35 IST" time="0.012" errors="0">
  <testcase name="compose" time="0.007" classname="testngsamples.Sample3"/>
  <system-out/>
  <testcase name="signUp" time="0.002" classname="testngsamples.Sample3"/>
  <system-out/>
  <testcase name="login" time="0.003" classname="testngsamples.Sample3"/>
  <system-out/>
</testsuite> <!-- testngsamples.Sample3 -->
