<?xml version="1.0" encoding="UTF-8"?>
<!-- Generated by org.testng.reporters.JUnitReportReporter -->
<testsuite skipped="0" hostname="DESKTOP-LLLGMOJ" name="testngsamples.Annotations3" tests="2" failures="0" timestamp="2021-10-14T20:50:06 IST" time="0.012" errors="0">
  <testcase name="taskCreation" time="0.006" classname="testngsamples.Annotations3"/>
  <system-out/>
  <testcase name="deleteTask" time="0.006" classname="testngsamples.Annotations3"/>
  <system-out/>
</testsuite> <!-- testngsamples.Annotations3 -->
