<?xml version="1.0" encoding="UTF-8"?>
<!-- Generated by org.testng.reporters.JUnitReportReporter -->
<testsuite skipped="0" hostname="DESKTOP-LLLGMOJ" name="testngsamples.Actitime_Timeout" tests="1" failures="0" timestamp="2021-10-14T20:50:06 IST" time="0.224" errors="0">
  <testcase name="openBrowserAndAppURL" time="0.224" classname="testngsamples.Actitime_Timeout"/>
  <system-out/>
</testsuite> <!-- testngsamples.Actitime_Timeout -->
