<?xml version="1.0" encoding="UTF-8"?>
<!-- Generated by org.testng.reporters.JUnitReportReporter -->
<testsuite skipped="0" hostname="DESKTOP-LLLGMOJ" name="testngsamples.TestCaseDependency" tests="2" failures="0" timestamp="2021-10-14T20:50:06 IST" time="2.014" errors="0">
  <testcase name="testGoogleLandingPage" time="0.032" classname="testngsamples.TestCaseDependency"/>
  <system-out/>
  <testcase name="testSearch" time="1.982" classname="testngsamples.TestCaseDependency"/>
  <system-out/>
</testsuite> <!-- testngsamples.TestCaseDependency -->
