<?xml version="1.0" encoding="UTF-8"?>
<!-- Generated by org.testng.reporters.JUnitReportReporter -->
<testsuite skipped="0" hostname="DESKTOP-LLLGMOJ" name="testngsamples.Sample1" tests="1" failures="0" timestamp="2021-10-14T20:52:35 IST" time="0.002" errors="0">
  <testcase name="testCase1" time="0.002" classname="testngsamples.Sample1"/>
  <system-out/>
</testsuite> <!-- testngsamples.Sample1 -->
