<?xml version="1.0" encoding="UTF-8"?>
<!-- Generated by org.testng.reporters.JUnitReportReporter -->
<testsuite skipped="0" hostname="DESKTOP-LLLGMOJ" name="testngsamples.GoogleApplicationWithBeforeAfterMethod" tests="2" failures="0" timestamp="2021-10-14T20:30:16 IST" time="18.642" errors="0">
  <testcase name="testSearch" time="5.232" classname="testngsamples.GoogleApplicationWithBeforeAfterMethod"/>
  <system-out/>
  <testcase name="testGoogleLandingPage" time="13.410" classname="testngsamples.GoogleApplicationWithBeforeAfterMethod"/>
  <system-out/>
</testsuite> <!-- testngsamples.GoogleApplicationWithBeforeAfterMethod -->
